#
# There is insufficient memory for the Java Runtime Environment to continue.
# Native memory allocation (malloc) failed to allocate 1230416 bytes for Chunk::new
# Possible reasons:
#   The system is out of physical RAM or swap space
#   The process is running with CompressedOops enabled, and the Java Heap may be blocking the growth of the native heap
# Possible solutions:
#   Reduce memory load on the system
#   Increase physical memory or swap space
#   Check if swap backing store is full
#   Decrease Java heap size (-Xmx/-Xms)
#   Decrease number of Java threads
#   Decrease Java thread stack sizes (-Xss)
#   Set larger code cache with -XX:ReservedCodeCacheSize=
#   JVM is running with Unscaled Compressed Oops mode in which the Java heap is
#     placed in the first 4GB address space. The Java Heap base address is the
#     maximum limit for the native heap growth. Please use -XX:HeapBaseMinAddress
#     to set the Java Heap base and to place the Java Heap above 4GB virtual address.
# This output file may be truncated or incomplete.
#
#  Out of Memory Error (./src/hotspot/share/memory/arena.cpp:197), pid=20868, tid=18592
#
# JRE version: OpenJDK Runtime Environment (11.0.10) (build 11.0.10+0-b96-7249189)
# Java VM: OpenJDK 64-Bit Server VM (11.0.10+0-b96-7249189, mixed mode, tiered, compressed oops, g1 gc, windows-amd64)
# No core dump will be written. Minidumps are not enabled by default on client versions of Windows
#

---------------  S U M M A R Y ------------

Command Line: --add-opens=java.base/java.util=ALL-UNNAMED --add-opens=java.base/java.lang=ALL-UNNAMED --add-opens=java.base/java.lang.invoke=ALL-UNNAMED --add-opens=java.base/java.util=ALL-UNNAMED --add-opens=java.prefs/java.util.prefs=ALL-UNNAMED --add-opens=java.prefs/java.util.prefs=ALL-UNNAMED --add-opens=java.base/java.nio.charset=ALL-UNNAMED --add-opens=java.base/java.net=ALL-UNNAMED --add-opens=java.base/java.util.concurrent.atomic=ALL-UNNAMED -Xmx2048m -Dfile.encoding=UTF-8 -Duser.country=IN -Duser.language=en -Duser.variant org.gradle.launcher.daemon.bootstrap.GradleDaemon 7.0.2

Host: Intel(R) Core(TM) i5-8250U CPU @ 1.60GHz, 8 cores, 7G,  Windows 10 , 64 bit Build 22000 (10.0.22000.434)
Time: Fri Apr  8 10:19:27 2022 India Standard Time elapsed time: 30.416854 seconds (0d 0h 0m 30s)

---------------  T H R E A D  ---------------

Current thread (0x000001eecc4bc800):  JavaThread "C2 CompilerThread0" daemon [_thread_in_native, id=18592, stack(0x000000116a600000,0x000000116a700000)]


Current CompileTask:
C2:  30417 5076       4       groovy.lang.MetaClassImpl$1MOPIter::methodNameAction (325 bytes)

Stack: [0x000000116a600000,0x000000116a700000]
Native frames: (J=compiled Java code, j=interpreted, Vv=VM code, C=native code)
V  [jvm.dll+0x5ecfaa]
V  [jvm.dll+0x722bd5]
V  [jvm.dll+0x72412d]
V  [jvm.dll+0x7247e3]
V  [jvm.dll+0x242928]
V  [jvm.dll+0xbc4fc]
V  [jvm.dll+0xbca0c]
V  [jvm.dll+0x352d7d]
V  [jvm.dll+0x197e0c]
V  [jvm.dll+0x1fb70e]
V  [jvm.dll+0x1fa7f4]
V  [jvm.dll+0x18354c]
V  [jvm.dll+0x208ee7]
V  [jvm.dll+0x207731]
V  [jvm.dll+0x6eb1cf]
V  [jvm.dll+0x6e3d45]
V  [jvm.dll+0x5ebe96]
C  [ucrtbase.dll+0x26c0c]
C  [KERNEL32.DLL+0x154e0]
C  [ntdll.dll+0x485b]


---------------  P R O C E S S  ---------------

Threads class SMR info:
_java_thread_list=0x000001eed08da4a0, length=49, elements={
0x000001eeb004e800, 0x000001eecc491800, 0x000001eecc49c800, 0x000001eecce12800,
0x000001eecc4ae800, 0x000001eecc4b1800, 0x000001eecc4bc800, 0x000001eecc4c1000,
0x000001eecc4c5800, 0x000001eeccf5c800, 0x000001eecf663800, 0x000001eece37e000,
0x000001eecefba000, 0x000001eece987000, 0x000001eecd867000, 0x000001eecdd7a800,
0x000001eecd983000, 0x000001eece48a000, 0x000001eece46c000, 0x000001eecee83800,
0x000001eecee84000, 0x000001eecee82800, 0x000001eecee85000, 0x000001eecee85800,
0x000001eecee81800, 0x000001eecee86800, 0x000001eecee81000, 0x000001eecee87800,
0x000001eecfdd8000, 0x000001eecfddd000, 0x000001eecfddb800, 0x000001eecfddc800,
0x000001eecfddf000, 0x000001eecfde2000, 0x000001eecfde0800, 0x000001eecfddf800,
0x000001eecfde5800, 0x000001eecfde6000, 0x000001eecfde3000, 0x000001eecfde4800,
0x000001eecfde3800, 0x000001eecfde7000, 0x000001eecfde1000, 0x000001eed24e1800,
0x000001eed24e2800, 0x000001eed24e0000, 0x000001eed24e3800, 0x000001eed24e1000,
0x000001eed24e5000
}

Java Threads: ( => current thread )
  0x000001eeb004e800 JavaThread "main" [_thread_blocked, id=19364, stack(0x0000001169a00000,0x0000001169b00000)]
  0x000001eecc491800 JavaThread "Reference Handler" daemon [_thread_blocked, id=13432, stack(0x000000116a100000,0x000000116a200000)]
  0x000001eecc49c800 JavaThread "Finalizer" daemon [_thread_blocked, id=3036, stack(0x000000116a200000,0x000000116a300000)]
  0x000001eecce12800 JavaThread "Signal Dispatcher" daemon [_thread_blocked, id=22848, stack(0x000000116a300000,0x000000116a400000)]
  0x000001eecc4ae800 JavaThread "Attach Listener" daemon [_thread_blocked, id=12304, stack(0x000000116a400000,0x000000116a500000)]
  0x000001eecc4b1800 JavaThread "Service Thread" daemon [_thread_blocked, id=8084, stack(0x000000116a500000,0x000000116a600000)]
=>0x000001eecc4bc800 JavaThread "C2 CompilerThread0" daemon [_thread_in_native, id=18592, stack(0x000000116a600000,0x000000116a700000)]
  0x000001eecc4c1000 JavaThread "C1 CompilerThread0" daemon [_thread_blocked, id=26584, stack(0x000000116a700000,0x000000116a800000)]
  0x000001eecc4c5800 JavaThread "Sweeper thread" daemon [_thread_blocked, id=2504, stack(0x000000116a800000,0x000000116a900000)]
  0x000001eeccf5c800 JavaThread "Common-Cleaner" daemon [_thread_blocked, id=25712, stack(0x000000116a900000,0x000000116aa00000)]
  0x000001eecf663800 JavaThread "Daemon health stats" [_thread_blocked, id=9528, stack(0x000000116af00000,0x000000116b000000)]
  0x000001eece37e000 JavaThread "Incoming local TCP Connector on port 50003" [_thread_in_native, id=24920, stack(0x000000116ab00000,0x000000116ac00000)]
  0x000001eecefba000 JavaThread "Daemon periodic checks" [_thread_blocked, id=17032, stack(0x000000116ae00000,0x000000116af00000)]
  0x000001eece987000 JavaThread "Daemon" [_thread_blocked, id=15296, stack(0x000000116b000000,0x000000116b100000)]
  0x000001eecd867000 JavaThread "Handler for socket connection from /127.0.0.1:50003 to /127.0.0.1:50004" [_thread_in_native, id=28308, stack(0x000000116b100000,0x000000116b200000)]
  0x000001eecdd7a800 JavaThread "Cancel handler" [_thread_blocked, id=24720, stack(0x000000116b200000,0x000000116b300000)]
  0x000001eecd983000 JavaThread "Daemon worker" [_thread_in_native, id=18228, stack(0x000000116b300000,0x000000116b400000)]
  0x000001eece48a000 JavaThread "Asynchronous log dispatcher for DefaultDaemonConnection: socket connection from /127.0.0.1:50003 to /127.0.0.1:50004" [_thread_blocked, id=27412, stack(0x000000116b400000,0x000000116b500000)]
  0x000001eece46c000 JavaThread "Stdin handler" [_thread_blocked, id=21892, stack(0x000000116b500000,0x000000116b600000)]
  0x000001eecee83800 JavaThread "Daemon client event forwarder" [_thread_blocked, id=25828, stack(0x000000116b600000,0x000000116b700000)]
  0x000001eecee84000 JavaThread "Cache worker for file hash cache (C:\Users\Pranay\.gradle\caches\7.0.2\fileHashes)" [_thread_blocked, id=26828, stack(0x000000116bc00000,0x000000116bd00000)]
  0x000001eecee82800 JavaThread "File lock request listener" [_thread_in_native, id=6444, stack(0x000000116bd00000,0x000000116be00000)]
  0x000001eecee85000 JavaThread "Cache worker for journal cache (C:\Users\Pranay\.gradle\caches\journal-1)" [_thread_blocked, id=20816, stack(0x000000116bf00000,0x000000116c000000)]
  0x000001eecee85800 JavaThread "Cache worker for file hash cache (D:\AndroidStudioProjects\LoginApp\.gradle\7.0.2\fileHashes)" [_thread_blocked, id=3436, stack(0x000000116c100000,0x000000116c200000)]
  0x000001eecee81800 JavaThread "File watcher server" daemon [_thread_in_native, id=9796, stack(0x000000116c200000,0x000000116c300000)]
  0x000001eecee86800 JavaThread "File watcher consumer" daemon [_thread_blocked, id=24772, stack(0x000000116c300000,0x000000116c400000)]
  0x000001eecee81000 JavaThread "Cache worker for checksums cache (D:\AndroidStudioProjects\LoginApp\.gradle\checksums)" [_thread_blocked, id=18088, stack(0x000000116c400000,0x000000116c500000)]
  0x000001eecee87800 JavaThread "Cache worker for cache directory md-supplier (C:\Users\Pranay\.gradle\caches\7.0.2\md-supplier)" [_thread_blocked, id=15888, stack(0x000000116c500000,0x000000116c600000)]
  0x000001eecfdd8000 JavaThread "Cache worker for cache directory md-rule (C:\Users\Pranay\.gradle\caches\7.0.2\md-rule)" [_thread_blocked, id=9640, stack(0x000000116c600000,0x000000116c700000)]
  0x000001eecfddd000 JavaThread "Cache worker for execution history cache (C:\Users\Pranay\.gradle\caches\7.0.2\executionHistory)" [_thread_blocked, id=9228, stack(0x000000116c700000,0x000000116c800000)]
  0x000001eecfddb800 JavaThread "jar transforms" [_thread_blocked, id=9756, stack(0x000000116c800000,0x000000116c900000)]
  0x000001eecfddc800 JavaThread "jar transforms Thread 2" [_thread_blocked, id=12560, stack(0x000000116c900000,0x000000116ca00000)]
  0x000001eecfddf000 JavaThread "Cache worker for file content cache (C:\Users\Pranay\.gradle\caches\7.0.2\fileContent)" [_thread_blocked, id=22136, stack(0x000000116c000000,0x000000116c100000)]
  0x000001eecfde2000 JavaThread "Cache worker for dependencies-accessors (D:\AndroidStudioProjects\LoginApp\.gradle\7.0.2\dependencies-accessors)" [_thread_blocked, id=12344, stack(0x000000116ca00000,0x000000116cb00000)]
  0x000001eecfde0800 JavaThread "jar transforms Thread 3" [_thread_blocked, id=14700, stack(0x000000116cb00000,0x000000116cc00000)]
  0x000001eecfddf800 JavaThread "Cache worker for Build Output Cleanup Cache (D:\AndroidStudioProjects\LoginApp\.gradle\buildOutputCleanup)" [_thread_blocked, id=1880, stack(0x000000116cc00000,0x000000116cd00000)]
  0x000001eecfde5800 JavaThread "Build operations" [_thread_blocked, id=20656, stack(0x000000116cd00000,0x000000116ce00000)]
  0x000001eecfde6000 JavaThread "Build operations Thread 2" [_thread_blocked, id=10948, stack(0x000000116ce00000,0x000000116cf00000)]
  0x000001eecfde3000 JavaThread "Build operations Thread 3" [_thread_blocked, id=25636, stack(0x000000116cf00000,0x000000116d000000)]
  0x000001eecfde4800 JavaThread "Build operations Thread 4" [_thread_blocked, id=21872, stack(0x000000116d000000,0x000000116d100000)]
  0x000001eecfde3800 JavaThread "Build operations Thread 5" [_thread_blocked, id=23196, stack(0x000000116d100000,0x000000116d200000)]
  0x000001eecfde7000 JavaThread "Build operations Thread 6" [_thread_blocked, id=9836, stack(0x000000116d200000,0x000000116d300000)]
  0x000001eecfde1000 JavaThread "Build operations Thread 7" [_thread_blocked, id=22672, stack(0x000000116d300000,0x000000116d400000)]
  0x000001eed24e1800 JavaThread "Build operations Thread 8" [_thread_blocked, id=15684, stack(0x000000116d400000,0x000000116d500000)]
  0x000001eed24e2800 JavaThread "jar transforms Thread 4" [_thread_blocked, id=11008, stack(0x000000116d500000,0x000000116d600000)]
  0x000001eed24e0000 JavaThread "jar transforms Thread 5" [_thread_blocked, id=27568, stack(0x000000116d600000,0x000000116d700000)]
  0x000001eed24e3800 JavaThread "jar transforms Thread 6" [_thread_blocked, id=12088, stack(0x000000116d700000,0x000000116d800000)]
  0x000001eed24e1000 JavaThread "jar transforms Thread 7" [_thread_blocked, id=22236, stack(0x000000116d800000,0x000000116d900000)]
  0x000001eed24e5000 JavaThread "jar transforms Thread 8" [_thread_blocked, id=12680, stack(0x000000116d900000,0x000000116da00000)]

Other Threads:
  0x000001eecc48f000 VMThread "VM Thread" [stack: 0x000000116a000000,0x000000116a100000] [id=23140]
  0x000001eeccf5f800 WatcherThread [stack: 0x000000116aa00000,0x000000116ab00000] [id=16500]
  0x000001eeb0065000 GCTaskThread "GC Thread#0" [stack: 0x0000001169b00000,0x0000001169c00000] [id=20936]
  0x000001eecdd08800 GCTaskThread "GC Thread#1" [stack: 0x000000116ac00000,0x000000116ad00000] [id=24596]
  0x000001eecde07000 GCTaskThread "GC Thread#2" [stack: 0x000000116ad00000,0x000000116ae00000] [id=23584]
  0x000001eece47b000 GCTaskThread "GC Thread#3" [stack: 0x000000116b700000,0x000000116b800000] [id=24188]
  0x000001eecdf10800 GCTaskThread "GC Thread#4" [stack: 0x000000116b800000,0x000000116b900000] [id=25888]
  0x000001eecec50800 GCTaskThread "GC Thread#5" [stack: 0x000000116b900000,0x000000116ba00000] [id=11752]
  0x000001eecdf70000 GCTaskThread "GC Thread#6" [stack: 0x000000116ba00000,0x000000116bb00000] [id=16456]
  0x000001eecf847000 GCTaskThread "GC Thread#7" [stack: 0x000000116bb00000,0x000000116bc00000] [id=12648]
  0x000001eeb0099800 ConcurrentGCThread "G1 Main Marker" [stack: 0x0000001169c00000,0x0000001169d00000] [id=23040]
  0x000001eeb009b000 ConcurrentGCThread "G1 Conc#0" [stack: 0x0000001169d00000,0x0000001169e00000] [id=10424]
  0x000001eece8ce800 ConcurrentGCThread "G1 Conc#1" [stack: 0x000000116be00000,0x000000116bf00000] [id=6260]
  0x000001eecc2e0800 ConcurrentGCThread "G1 Refine#0" [stack: 0x0000001169e00000,0x0000001169f00000] [id=19440]
  0x000001eecc2e1800 ConcurrentGCThread "G1 Young RemSet Sampling" [stack: 0x0000001169f00000,0x000000116a000000] [id=26396]

Threads with active compile tasks:
C2 CompilerThread0  30503 5076       4       groovy.lang.MetaClassImpl$1MOPIter::methodNameAction (325 bytes)

VM state:not at safepoint (normal execution)

VM Mutex/Monitor currently owned by a thread: None

Heap address: 0x0000000080000000, size: 2048 MB, Compressed Oops mode: 32-bit
Narrow klass base: 0x0000000000000000, Narrow klass shift: 3
Compressed class space size: 1073741824 Address: 0x0000000100000000

Heap:
 garbage-first heap   total 131072K, used 74155K [0x0000000080000000, 0x0000000100000000)
  region size 1024K, 46 young (47104K), 3 survivors (3072K)
 Metaspace       used 47094K, capacity 48318K, committed 48512K, reserved 1091584K
  class space    used 6009K, capacity 6450K, committed 6528K, reserved 1048576K
Heap Regions: E=young(eden), S=young(survivor), O=old, HS=humongous(starts), HC=humongous(continues), CS=collection set, F=free, A=archive, TAMS=top-at-mark-start (previous, next)
|   0|0x0000000080000000, 0x0000000080100000, 0x0000000080100000|100%| O|  |TAMS 0x0000000080100000, 0x0000000080000000| Untracked 
|   1|0x0000000080100000, 0x0000000080200000, 0x0000000080200000|100%| O|  |TAMS 0x0000000080200000, 0x0000000080100000| Untracked 
|   2|0x0000000080200000, 0x0000000080300000, 0x0000000080300000|100%| O|  |TAMS 0x0000000080300000, 0x0000000080200000| Untracked 
|   3|0x0000000080300000, 0x0000000080400000, 0x0000000080400000|100%|HS|  |TAMS 0x0000000080400000, 0x0000000080300000| Complete 
|   4|0x0000000080400000, 0x0000000080500000, 0x0000000080500000|100%|HC|  |TAMS 0x0000000080500000, 0x0000000080400000| Complete 
|   5|0x0000000080500000, 0x0000000080600000, 0x0000000080600000|100%|HC|  |TAMS 0x0000000080600000, 0x0000000080500000| Complete 
|   6|0x0000000080600000, 0x0000000080700000, 0x0000000080700000|100%| O|  |TAMS 0x0000000080700000, 0x0000000080600000| Untracked 
|   7|0x0000000080700000, 0x0000000080800000, 0x0000000080800000|100%| O|  |TAMS 0x0000000080800000, 0x0000000080700000| Untracked 
|   8|0x0000000080800000, 0x0000000080900000, 0x0000000080900000|100%| O|  |TAMS 0x0000000080900000, 0x0000000080800000| Untracked 
|   9|0x0000000080900000, 0x0000000080a00000, 0x0000000080a00000|100%| O|  |TAMS 0x0000000080a00000, 0x0000000080900000| Untracked 
|  10|0x0000000080a00000, 0x0000000080b00000, 0x0000000080b00000|100%| O|  |TAMS 0x0000000080b00000, 0x0000000080a00000| Untracked 
|  11|0x0000000080b00000, 0x0000000080c00000, 0x0000000080c00000|100%| O|  |TAMS 0x0000000080c00000, 0x0000000080b00000| Untracked 
|  12|0x0000000080c00000, 0x0000000080d00000, 0x0000000080d00000|100%| O|  |TAMS 0x0000000080d00000, 0x0000000080c00000| Untracked 
|  13|0x0000000080d00000, 0x0000000080e00000, 0x0000000080e00000|100%| O|  |TAMS 0x0000000080e00000, 0x0000000080d00000| Untracked 
|  14|0x0000000080e00000, 0x0000000080f00000, 0x0000000080f00000|100%| O|  |TAMS 0x0000000080f00000, 0x0000000080e00000| Untracked 
|  15|0x0000000080f00000, 0x0000000081000000, 0x0000000081000000|100%| O|  |TAMS 0x0000000080fbae00, 0x0000000080f00000| Untracked 
|  16|0x0000000081000000, 0x0000000081100000, 0x0000000081100000|100%|HS|  |TAMS 0x0000000081000000, 0x0000000081000000| Complete 
|  17|0x0000000081100000, 0x0000000081200000, 0x0000000081200000|100%| O|  |TAMS 0x0000000081100000, 0x0000000081100000| Untracked 
|  18|0x0000000081200000, 0x0000000081300000, 0x0000000081300000|100%| O|  |TAMS 0x0000000081200000, 0x0000000081200000| Untracked 
|  19|0x0000000081300000, 0x0000000081400000, 0x0000000081400000|100%| O|  |TAMS 0x0000000081300000, 0x0000000081300000| Untracked 
|  20|0x0000000081400000, 0x0000000081500000, 0x0000000081500000|100%| O|  |TAMS 0x0000000081400000, 0x0000000081400000| Untracked 
|  21|0x0000000081500000, 0x0000000081600000, 0x0000000081600000|100%| O|  |TAMS 0x0000000081500000, 0x0000000081500000| Untracked 
|  22|0x0000000081600000, 0x0000000081700000, 0x0000000081700000|100%| O|  |TAMS 0x0000000081600000, 0x0000000081600000| Untracked 
|  23|0x0000000081700000, 0x0000000081800000, 0x0000000081800000|100%| O|  |TAMS 0x0000000081700000, 0x0000000081700000| Untracked 
|  24|0x0000000081800000, 0x0000000081900000, 0x0000000081900000|100%| O|  |TAMS 0x0000000081800000, 0x0000000081800000| Untracked 
|  25|0x0000000081900000, 0x0000000081a00000, 0x0000000081a00000|100%| O|  |TAMS 0x0000000081900000, 0x0000000081900000| Untracked 
|  26|0x0000000081a00000, 0x0000000081ac1000, 0x0000000081b00000| 75%| O|  |TAMS 0x0000000081a00000, 0x0000000081a00000| Untracked 
|  27|0x0000000081b00000, 0x0000000081c00000, 0x0000000081c00000|100%|HS|  |TAMS 0x0000000081b00000, 0x0000000081b00000| Complete 
|  28|0x0000000081c00000, 0x0000000081c00000, 0x0000000081d00000|  0%| F|  |TAMS 0x0000000081c00000, 0x0000000081c00000| Untracked 
|  29|0x0000000081d00000, 0x0000000081d00000, 0x0000000081e00000|  0%| F|  |TAMS 0x0000000081d00000, 0x0000000081d00000| Untracked 
|  30|0x0000000081e00000, 0x0000000081e00000, 0x0000000081f00000|  0%| F|  |TAMS 0x0000000081e00000, 0x0000000081e00000| Untracked 
|  31|0x0000000081f00000, 0x0000000081f00000, 0x0000000082000000|  0%| F|  |TAMS 0x0000000081f00000, 0x0000000081f00000| Untracked 
|  32|0x0000000082000000, 0x0000000082000000, 0x0000000082100000|  0%| F|  |TAMS 0x0000000082000000, 0x0000000082000000| Untracked 
|  33|0x0000000082100000, 0x0000000082100000, 0x0000000082200000|  0%| F|  |TAMS 0x0000000082100000, 0x0000000082100000| Untracked 
|  34|0x0000000082200000, 0x0000000082200000, 0x0000000082300000|  0%| F|  |TAMS 0x0000000082200000, 0x0000000082200000| Untracked 
|  35|0x0000000082300000, 0x0000000082300000, 0x0000000082400000|  0%| F|  |TAMS 0x0000000082300000, 0x0000000082300000| Untracked 
|  36|0x0000000082400000, 0x0000000082400000, 0x0000000082500000|  0%| F|  |TAMS 0x0000000082400000, 0x0000000082400000| Untracked 
|  37|0x0000000082500000, 0x0000000082500000, 0x0000000082600000|  0%| F|  |TAMS 0x0000000082500000, 0x0000000082500000| Untracked 
|  38|0x0000000082600000, 0x0000000082600000, 0x0000000082700000|  0%| F|  |TAMS 0x0000000082600000, 0x0000000082600000| Untracked 
|  39|0x0000000082700000, 0x0000000082700000, 0x0000000082800000|  0%| F|  |TAMS 0x0000000082700000, 0x0000000082700000| Untracked 
|  40|0x0000000082800000, 0x0000000082800000, 0x0000000082900000|  0%| F|  |TAMS 0x0000000082800000, 0x0000000082800000| Untracked 
|  41|0x0000000082900000, 0x0000000082900000, 0x0000000082a00000|  0%| F|  |TAMS 0x0000000082900000, 0x0000000082900000| Untracked 
|  42|0x0000000082a00000, 0x0000000082a00000, 0x0000000082b00000|  0%| F|  |TAMS 0x0000000082a00000, 0x0000000082a00000| Untracked 
|  43|0x0000000082b00000, 0x0000000082b00000, 0x0000000082c00000|  0%| F|  |TAMS 0x0000000082b00000, 0x0000000082b00000| Untracked 
|  44|0x0000000082c00000, 0x0000000082c00000, 0x0000000082d00000|  0%| F|  |TAMS 0x0000000082c00000, 0x0000000082c00000| Untracked 
|  45|0x0000000082d00000, 0x0000000082d00000, 0x0000000082e00000|  0%| F|  |TAMS 0x0000000082d00000, 0x0000000082d00000| Untracked 
|  46|0x0000000082e00000, 0x0000000082e00000, 0x0000000082f00000|  0%| F|  |TAMS 0x0000000082e00000, 0x0000000082e00000| Untracked 
|  47|0x0000000082f00000, 0x0000000082f00000, 0x0000000083000000|  0%| F|  |TAMS 0x0000000082f00000, 0x0000000082f00000| Untracked 
|  48|0x0000000083000000, 0x0000000083000000, 0x0000000083100000|  0%| F|  |TAMS 0x0000000083000000, 0x0000000083000000| Untracked 
|  49|0x0000000083100000, 0x0000000083100000, 0x0000000083200000|  0%| F|  |TAMS 0x0000000083100000, 0x0000000083100000| Untracked 
|  50|0x0000000083200000, 0x0000000083200000, 0x0000000083300000|  0%| F|  |TAMS 0x0000000083200000, 0x0000000083200000| Untracked 
|  51|0x0000000083300000, 0x0000000083300000, 0x0000000083400000|  0%| F|  |TAMS 0x0000000083300000, 0x0000000083300000| Untracked 
|  52|0x0000000083400000, 0x0000000083400000, 0x0000000083500000|  0%| F|  |TAMS 0x0000000083400000, 0x0000000083400000| Untracked 
|  53|0x0000000083500000, 0x0000000083500000, 0x0000000083600000|  0%| F|  |TAMS 0x0000000083500000, 0x0000000083500000| Untracked 
|  54|0x0000000083600000, 0x0000000083600000, 0x0000000083700000|  0%| F|  |TAMS 0x0000000083600000, 0x0000000083600000| Untracked 
|  55|0x0000000083700000, 0x0000000083700000, 0x0000000083800000|  0%| F|  |TAMS 0x0000000083700000, 0x0000000083700000| Untracked 
|  56|0x0000000083800000, 0x0000000083800000, 0x0000000083900000|  0%| F|  |TAMS 0x0000000083800000, 0x0000000083800000| Untracked 
|  57|0x0000000083900000, 0x0000000083900000, 0x0000000083a00000|  0%| F|  |TAMS 0x0000000083900000, 0x0000000083900000| Untracked 
|  58|0x0000000083a00000, 0x0000000083a00000, 0x0000000083b00000|  0%| F|  |TAMS 0x0000000083a00000, 0x0000000083a00000| Untracked 
|  59|0x0000000083b00000, 0x0000000083b00000, 0x0000000083c00000|  0%| F|  |TAMS 0x0000000083b00000, 0x0000000083b00000| Untracked 
|  60|0x0000000083c00000, 0x0000000083c00000, 0x0000000083d00000|  0%| F|  |TAMS 0x0000000083c00000, 0x0000000083c00000| Untracked 
|  61|0x0000000083d00000, 0x0000000083d00000, 0x0000000083e00000|  0%| F|  |TAMS 0x0000000083d00000, 0x0000000083d00000| Untracked 
|  62|0x0000000083e00000, 0x0000000083e00000, 0x0000000083f00000|  0%| F|  |TAMS 0x0000000083e00000, 0x0000000083e00000| Untracked 
|  63|0x0000000083f00000, 0x0000000083f00000, 0x0000000084000000|  0%| F|  |TAMS 0x0000000083f00000, 0x0000000083f00000| Untracked 
|  64|0x0000000084000000, 0x0000000084000000, 0x0000000084100000|  0%| F|  |TAMS 0x0000000084000000, 0x0000000084000000| Untracked 
|  65|0x0000000084100000, 0x00000000841a9ca0, 0x0000000084200000| 66%| S|CS|TAMS 0x0000000084100000, 0x0000000084100000| Complete 
|  66|0x0000000084200000, 0x0000000084300000, 0x0000000084300000|100%| S|CS|TAMS 0x0000000084200000, 0x0000000084200000| Complete 
|  67|0x0000000084300000, 0x0000000084400000, 0x0000000084400000|100%| S|CS|TAMS 0x0000000084300000, 0x0000000084300000| Complete 
|  68|0x0000000084400000, 0x0000000084400000, 0x0000000084500000|  0%| F|  |TAMS 0x0000000084400000, 0x0000000084400000| Untracked 
|  69|0x0000000084500000, 0x0000000084500000, 0x0000000084600000|  0%| F|  |TAMS 0x0000000084500000, 0x0000000084500000| Untracked 
|  70|0x0000000084600000, 0x0000000084600000, 0x0000000084700000|  0%| F|  |TAMS 0x0000000084600000, 0x0000000084600000| Untracked 
|  71|0x0000000084700000, 0x0000000084700000, 0x0000000084800000|  0%| F|  |TAMS 0x0000000084700000, 0x0000000084700000| Untracked 
|  72|0x0000000084800000, 0x0000000084800000, 0x0000000084900000|  0%| F|  |TAMS 0x0000000084800000, 0x0000000084800000| Untracked 
|  73|0x0000000084900000, 0x0000000084900000, 0x0000000084a00000|  0%| F|  |TAMS 0x0000000084900000, 0x0000000084900000| Untracked 
|  74|0x0000000084a00000, 0x0000000084a00000, 0x0000000084b00000|  0%| F|  |TAMS 0x0000000084a00000, 0x0000000084a00000| Untracked 
|  75|0x0000000084b00000, 0x0000000084b00000, 0x0000000084c00000|  0%| F|  |TAMS 0x0000000084b00000, 0x0000000084b00000| Untracked 
|  76|0x0000000084c00000, 0x0000000084c00000, 0x0000000084d00000|  0%| F|  |TAMS 0x0000000084c00000, 0x0000000084c00000| Untracked 
|  77|0x0000000084d00000, 0x0000000084d00000, 0x0000000084e00000|  0%| F|  |TAMS 0x0000000084d00000, 0x0000000084d00000| Untracked 
|  78|0x0000000084e00000, 0x0000000084e00000, 0x0000000084f00000|  0%| F|  |TAMS 0x0000000084e00000, 0x0000000084e00000| Untracked 
|  79|0x0000000084f00000, 0x0000000084f00000, 0x0000000085000000|  0%| F|  |TAMS 0x0000000084f00000, 0x0000000084f00000| Untracked 
|  80|0x0000000085000000, 0x0000000085000000, 0x0000000085100000|  0%| F|  |TAMS 0x0000000085000000, 0x0000000085000000| Untracked 
|  81|0x0000000085100000, 0x0000000085100000, 0x0000000085200000|  0%| F|  |TAMS 0x0000000085100000, 0x0000000085100000| Untracked 
|  82|0x0000000085200000, 0x0000000085200000, 0x0000000085300000|  0%| F|  |TAMS 0x0000000085200000, 0x0000000085200000| Untracked 
|  83|0x0000000085300000, 0x0000000085300000, 0x0000000085400000|  0%| F|  |TAMS 0x0000000085300000, 0x0000000085300000| Untracked 
|  84|0x0000000085400000, 0x0000000085400000, 0x0000000085500000|  0%| F|  |TAMS 0x0000000085400000, 0x0000000085400000| Untracked 
|  85|0x0000000085500000, 0x0000000085585a38, 0x0000000085600000| 52%| E|  |TAMS 0x0000000085500000, 0x0000000085500000| Complete 
|  86|0x0000000085600000, 0x0000000085700000, 0x0000000085700000|100%| E|CS|TAMS 0x0000000085600000, 0x0000000085600000| Complete 
|  87|0x0000000085700000, 0x0000000085800000, 0x0000000085800000|100%| E|CS|TAMS 0x0000000085700000, 0x0000000085700000| Complete 
|  88|0x0000000085800000, 0x0000000085900000, 0x0000000085900000|100%| E|CS|TAMS 0x0000000085800000, 0x0000000085800000| Complete 
|  89|0x0000000085900000, 0x0000000085a00000, 0x0000000085a00000|100%| E|CS|TAMS 0x0000000085900000, 0x0000000085900000| Complete 
|  90|0x0000000085a00000, 0x0000000085b00000, 0x0000000085b00000|100%| E|CS|TAMS 0x0000000085a00000, 0x0000000085a00000| Complete 
|  91|0x0000000085b00000, 0x0000000085c00000, 0x0000000085c00000|100%| E|CS|TAMS 0x0000000085b00000, 0x0000000085b00000| Complete 
|  92|0x0000000085c00000, 0x0000000085d00000, 0x0000000085d00000|100%| E|CS|TAMS 0x0000000085c00000, 0x0000000085c00000| Complete 
|  93|0x0000000085d00000, 0x0000000085e00000, 0x0000000085e00000|100%| E|CS|TAMS 0x0000000085d00000, 0x0000000085d00000| Complete 
|  94|0x0000000085e00000, 0x0000000085f00000, 0x0000000085f00000|100%| E|CS|TAMS 0x0000000085e00000, 0x0000000085e00000| Complete 
|  95|0x0000000085f00000, 0x0000000086000000, 0x0000000086000000|100%| E|CS|TAMS 0x0000000085f00000, 0x0000000085f00000| Complete 
|  96|0x0000000086000000, 0x0000000086100000, 0x0000000086100000|100%| E|CS|TAMS 0x0000000086000000, 0x0000000086000000| Complete 
|  97|0x0000000086100000, 0x0000000086200000, 0x0000000086200000|100%| E|CS|TAMS 0x0000000086100000, 0x0000000086100000| Complete 
|  98|0x0000000086200000, 0x0000000086300000, 0x0000000086300000|100%| E|CS|TAMS 0x0000000086200000, 0x0000000086200000| Complete 
|  99|0x0000000086300000, 0x0000000086400000, 0x0000000086400000|100%| E|CS|TAMS 0x0000000086300000, 0x0000000086300000| Complete 
| 100|0x0000000086400000, 0x0000000086500000, 0x0000000086500000|100%| E|CS|TAMS 0x0000000086400000, 0x0000000086400000| Complete 
| 101|0x0000000086500000, 0x0000000086600000, 0x0000000086600000|100%| E|CS|TAMS 0x0000000086500000, 0x0000000086500000| Complete 
| 102|0x0000000086600000, 0x0000000086700000, 0x0000000086700000|100%| E|CS|TAMS 0x0000000086600000, 0x0000000086600000| Complete 
| 103|0x0000000086700000, 0x0000000086800000, 0x0000000086800000|100%| E|CS|TAMS 0x0000000086700000, 0x0000000086700000| Complete 
| 104|0x0000000086800000, 0x0000000086900000, 0x0000000086900000|100%| E|CS|TAMS 0x0000000086800000, 0x0000000086800000| Complete 
| 105|0x0000000086900000, 0x0000000086a00000, 0x0000000086a00000|100%| E|CS|TAMS 0x0000000086900000, 0x0000000086900000| Complete 
| 106|0x0000000086a00000, 0x0000000086b00000, 0x0000000086b00000|100%| E|CS|TAMS 0x0000000086a00000, 0x0000000086a00000| Complete 
| 107|0x0000000086b00000, 0x0000000086c00000, 0x0000000086c00000|100%| E|CS|TAMS 0x0000000086b00000, 0x0000000086b00000| Complete 
| 108|0x0000000086c00000, 0x0000000086d00000, 0x0000000086d00000|100%| E|CS|TAMS 0x0000000086c00000, 0x0000000086c00000| Complete 
| 109|0x0000000086d00000, 0x0000000086e00000, 0x0000000086e00000|100%| E|CS|TAMS 0x0000000086d00000, 0x0000000086d00000| Complete 
| 110|0x0000000086e00000, 0x0000000086f00000, 0x0000000086f00000|100%| E|CS|TAMS 0x0000000086e00000, 0x0000000086e00000| Complete 
| 111|0x0000000086f00000, 0x0000000087000000, 0x0000000087000000|100%| E|CS|TAMS 0x0000000086f00000, 0x0000000086f00000| Complete 
| 112|0x0000000087000000, 0x0000000087100000, 0x0000000087100000|100%| E|CS|TAMS 0x0000000087000000, 0x0000000087000000| Complete 
| 113|0x0000000087100000, 0x0000000087200000, 0x0000000087200000|100%| E|CS|TAMS 0x0000000087100000, 0x0000000087100000| Complete 
| 114|0x0000000087200000, 0x0000000087300000, 0x0000000087300000|100%| E|CS|TAMS 0x0000000087200000, 0x0000000087200000| Complete 
| 115|0x0000000087300000, 0x0000000087400000, 0x0000000087400000|100%| E|CS|TAMS 0x0000000087300000, 0x0000000087300000| Complete 
| 116|0x0000000087400000, 0x0000000087500000, 0x0000000087500000|100%| E|CS|TAMS 0x0000000087400000, 0x0000000087400000| Complete 
| 117|0x0000000087500000, 0x0000000087600000, 0x0000000087600000|100%| E|CS|TAMS 0x0000000087500000, 0x0000000087500000| Complete 
| 118|0x0000000087600000, 0x0000000087700000, 0x0000000087700000|100%| E|CS|TAMS 0x0000000087600000, 0x0000000087600000| Complete 
| 119|0x0000000087700000, 0x0000000087800000, 0x0000000087800000|100%| E|CS|TAMS 0x0000000087700000, 0x0000000087700000| Complete 
| 120|0x0000000087800000, 0x0000000087900000, 0x0000000087900000|100%| E|CS|TAMS 0x0000000087800000, 0x0000000087800000| Complete 
| 121|0x0000000087900000, 0x0000000087a00000, 0x0000000087a00000|100%| E|CS|TAMS 0x0000000087900000, 0x0000000087900000| Complete 
| 122|0x0000000087a00000, 0x0000000087b00000, 0x0000000087b00000|100%| E|CS|TAMS 0x0000000087a00000, 0x0000000087a00000| Complete 
| 123|0x0000000087b00000, 0x0000000087c00000, 0x0000000087c00000|100%| E|CS|TAMS 0x0000000087b00000, 0x0000000087b00000| Complete 
| 124|0x0000000087c00000, 0x0000000087d00000, 0x0000000087d00000|100%| E|CS|TAMS 0x0000000087c00000, 0x0000000087c00000| Complete 
| 125|0x0000000087d00000, 0x0000000087e00000, 0x0000000087e00000|100%| E|CS|TAMS 0x0000000087d00000, 0x0000000087d00000| Complete 
| 126|0x0000000087e00000, 0x0000000087f00000, 0x0000000087f00000|100%| E|CS|TAMS 0x0000000087e00000, 0x0000000087e00000| Complete 
| 127|0x0000000087f00000, 0x0000000088000000, 0x0000000088000000|100%| E|CS|TAMS 0x0000000087f00000, 0x0000000087f00000| Complete 

Card table byte_map: [0x000001eec51c0000,0x000001eec55c0000] _byte_map_base: 0x000001eec4dc0000

Marking Bits (Prev, Next): (CMBitMap*) 0x000001eeb0090e88, (CMBitMap*) 0x000001eeb0090ec0
 Prev Bits: [0x000001eec59c0000, 0x000001eec79c0000)
 Next Bits: [0x000001eec79c0000, 0x000001eec99c0000)

Polling page: 0x000001eeaff10000

Metaspace:

Usage:
  Non-class:     40.89 MB capacity,    40.12 MB ( 98%) used,   662.27 KB (  2%) free+waste,   120.75 KB ( <1%) overhead. 
      Class:      6.30 MB capacity,     5.87 MB ( 93%) used,   383.64 KB (  6%) free+waste,    57.31 KB ( <1%) overhead. 
       Both:     47.19 MB capacity,    45.99 MB ( 97%) used,     1.02 MB (  2%) free+waste,   178.06 KB ( <1%) overhead. 

Virtual space:
  Non-class space:       42.00 MB reserved,      41.00 MB ( 98%) committed 
      Class space:        1.00 GB reserved,       6.38 MB ( <1%) committed 
             Both:        1.04 GB reserved,      47.38 MB (  4%) committed 

Chunk freelists:
   Non-Class:  52.00 KB
       Class:  14.00 KB
        Both:  66.00 KB

MaxMetaspaceSize: 17179869184.00 GB
CompressedClassSpaceSize: 1.00 GB

CodeHeap 'non-profiled nmethods': size=120000Kb used=2716Kb max_used=2716Kb free=117283Kb
 bounds [0x000001eebce30000, 0x000001eebd0e0000, 0x000001eec4360000]
CodeHeap 'profiled nmethods': size=120000Kb used=10332Kb max_used=10332Kb free=109667Kb
 bounds [0x000001eeb5900000, 0x000001eeb6320000, 0x000001eebce30000]
CodeHeap 'non-nmethods': size=5760Kb used=2216Kb max_used=2254Kb free=3543Kb
 bounds [0x000001eeb5360000, 0x000001eeb55d0000, 0x000001eeb5900000]
 total_blobs=5867 nmethods=5080 adapters=698
 compilation: enabled
              stopped_count=0, restarted_count=0
 full_count=0

Compilation events (20 events):
Event: 30.317 Thread 0x000001eecc4c1000 5088   !   3       sun.nio.fs.WindowsPath::getPathForWin32Calls (138 bytes)
Event: 30.320 Thread 0x000001eecc4c1000 nmethod 5088 0x000001eeb6307610 code [0x000001eeb6307920, 0x000001eeb6308ab8]
Event: 30.333 Thread 0x000001eecc4c1000 5089       3       sun.nio.fs.NativeBuffers::getNativeBuffer (21 bytes)
Event: 30.334 Thread 0x000001eecc4c1000 nmethod 5089 0x000001eeb6309090 code [0x000001eeb6309260, 0x000001eeb6309558]
Event: 30.340 Thread 0x000001eecc4c1000 5090       3       sun.nio.fs.WindowsPath::checkRead (17 bytes)
Event: 30.341 Thread 0x000001eecc4c1000 nmethod 5090 0x000001eeb6309690 code [0x000001eeb63098a0, 0x000001eeb6309f48]
Event: 30.358 Thread 0x000001eecc4c1000 5091       3       sun.nio.fs.WindowsFileSystemProvider::getFileAttributeView (132 bytes)
Event: 30.360 Thread 0x000001eecc4c1000 nmethod 5091 0x000001eeb630a190 code [0x000001eeb630a4c0, 0x000001eeb630b8e8]
Event: 30.361 Thread 0x000001eecc4c1000 5092   !   3       sun.nio.fs.WindowsFileAttributes::get (214 bytes)
Event: 30.366 Thread 0x000001eecc4c1000 nmethod 5092 0x000001eeb630bf10 code [0x000001eeb630c420, 0x000001eeb630e568]
Event: 30.366 Thread 0x000001eecc4c1000 5093   !   3       sun.nio.fs.WindowsNativeDispatcher::GetFileAttributesEx (30 bytes)
Event: 30.367 Thread 0x000001eecc4c1000 nmethod 5093 0x000001eeb630f810 code [0x000001eeb630fa00, 0x000001eeb630fcd8]
Event: 30.368 Thread 0x000001eecc4c1000 5095       3       sun.nio.fs.WindowsFileAttributes::fromFileAttributeData (104 bytes)
Event: 30.369 Thread 0x000001eecc4c1000 nmethod 5095 0x000001eeb630ff10 code [0x000001eeb6310100, 0x000001eeb63105a8]
Event: 30.379 Thread 0x000001eecc4c1000 5096       3       sun.nio.fs.WindowsFileAttributeViews$Basic::readAttributes (5 bytes)
Event: 30.379 Thread 0x000001eecc4c1000 nmethod 5096 0x000001eeb6310810 code [0x000001eeb63109c0, 0x000001eeb6310b68]
Event: 30.379 Thread 0x000001eecc4c1000 5097   !   3       sun.nio.fs.WindowsFileAttributeViews$Basic::readAttributes (30 bytes)
Event: 30.380 Thread 0x000001eecc4c1000 nmethod 5097 0x000001eeb6310c10 code [0x000001eeb6310e60, 0x000001eeb63116a8]
Event: 30.395 Thread 0x000001eecc4c1000 5099       3       java.util.zip.ZipFile$Source$Key::hashCode (29 bytes)
Event: 30.396 Thread 0x000001eecc4c1000 nmethod 5099 0x000001eeb6311990 code [0x000001eeb6311ba0, 0x000001eeb6311f38]

GC Heap History (14 events):
Event: 1.979 GC heap before
{Heap before GC invocations=0 (full 0):
 garbage-first heap   total 131072K, used 29696K [0x0000000080000000, 0x0000000100000000)
  region size 1024K, 24 young (24576K), 0 survivors (0K)
 Metaspace       used 10210K, capacity 10427K, committed 10624K, reserved 1058816K
  class space    used 1065K, capacity 1141K, committed 1152K, reserved 1048576K
}
Event: 1.994 GC heap after
{Heap after GC invocations=1 (full 0):
 garbage-first heap   total 131072K, used 9122K [0x0000000080000000, 0x0000000100000000)
  region size 1024K, 3 young (3072K), 3 survivors (3072K)
 Metaspace       used 10210K, capacity 10427K, committed 10624K, reserved 1058816K
  class space    used 1065K, capacity 1141K, committed 1152K, reserved 1048576K
}
Event: 8.167 GC heap before
{Heap before GC invocations=1 (full 0):
 garbage-first heap   total 131072K, used 83874K [0x0000000080000000, 0x0000000100000000)
  region size 1024K, 76 young (77824K), 3 survivors (3072K)
 Metaspace       used 17820K, capacity 18225K, committed 18432K, reserved 1064960K
  class space    used 2108K, capacity 2240K, committed 2304K, reserved 1048576K
}
Event: 8.228 GC heap after
{Heap after GC invocations=2 (full 0):
 garbage-first heap   total 131072K, used 15875K [0x0000000080000000, 0x0000000100000000)
  region size 1024K, 10 young (10240K), 10 survivors (10240K)
 Metaspace       used 17820K, capacity 18225K, committed 18432K, reserved 1064960K
  class space    used 2108K, capacity 2240K, committed 2304K, reserved 1048576K
}
Event: 9.139 GC heap before
{Heap before GC invocations=2 (full 0):
 garbage-first heap   total 131072K, used 37379K [0x0000000080000000, 0x0000000100000000)
  region size 1024K, 32 young (32768K), 10 survivors (10240K)
 Metaspace       used 20594K, capacity 21092K, committed 21248K, reserved 1067008K
  class space    used 2509K, capacity 2690K, committed 2816K, reserved 1048576K
}
Event: 9.160 GC heap after
{Heap after GC invocations=3 (full 0):
 garbage-first heap   total 131072K, used 17073K [0x0000000080000000, 0x0000000100000000)
  region size 1024K, 1 young (1024K), 1 survivors (1024K)
 Metaspace       used 20594K, capacity 21092K, committed 21248K, reserved 1067008K
  class space    used 2509K, capacity 2690K, committed 2816K, reserved 1048576K
}
Event: 11.545 GC heap before
{Heap before GC invocations=4 (full 0):
 garbage-first heap   total 131072K, used 73393K [0x0000000080000000, 0x0000000100000000)
  region size 1024K, 56 young (57344K), 1 survivors (1024K)
 Metaspace       used 26149K, capacity 26817K, committed 27008K, reserved 1073152K
  class space    used 3425K, capacity 3667K, committed 3712K, reserved 1048576K
}
Event: 11.552 GC heap after
{Heap after GC invocations=5 (full 0):
 garbage-first heap   total 131072K, used 18765K [0x0000000080000000, 0x0000000100000000)
  region size 1024K, 3 young (3072K), 3 survivors (3072K)
 Metaspace       used 26149K, capacity 26817K, committed 27008K, reserved 1073152K
  class space    used 3425K, capacity 3667K, committed 3712K, reserved 1048576K
}
Event: 14.160 GC heap before
{Heap before GC invocations=5 (full 0):
 garbage-first heap   total 131072K, used 73037K [0x0000000080000000, 0x0000000100000000)
  region size 1024K, 57 young (58368K), 3 survivors (3072K)
 Metaspace       used 35056K, capacity 35831K, committed 35840K, reserved 1081344K
  class space    used 4539K, capacity 4864K, committed 4864K, reserved 1048576K
}
Event: 14.178 GC heap after
{Heap after GC invocations=6 (full 0):
 garbage-first heap   total 131072K, used 22119K [0x0000000080000000, 0x0000000100000000)
  region size 1024K, 6 young (6144K), 6 survivors (6144K)
 Metaspace       used 35056K, capacity 35831K, committed 35840K, reserved 1081344K
  class space    used 4539K, capacity 4864K, committed 4864K, reserved 1048576K
}
Event: 19.046 GC heap before
{Heap before GC invocations=7 (full 0):
 garbage-first heap   total 131072K, used 86631K [0x0000000080000000, 0x0000000100000000)
  region size 1024K, 67 young (68608K), 6 survivors (6144K)
 Metaspace       used 39645K, capacity 40623K, committed 40832K, reserved 1085440K
  class space    used 5065K, capacity 5390K, committed 5504K, reserved 1048576K
}
Event: 19.065 GC heap after
{Heap after GC invocations=8 (full 0):
 garbage-first heap   total 131072K, used 27225K [0x0000000080000000, 0x0000000100000000)
  region size 1024K, 9 young (9216K), 9 survivors (9216K)
 Metaspace       used 39645K, capacity 40623K, committed 40832K, reserved 1085440K
  class space    used 5065K, capacity 5390K, committed 5504K, reserved 1048576K
}
Event: 22.841 GC heap before
{Heap before GC invocations=8 (full 0):
 garbage-first heap   total 131072K, used 89689K [0x0000000080000000, 0x0000000100000000)
  region size 1024K, 69 young (70656K), 9 survivors (9216K)
 Metaspace       used 45171K, capacity 46336K, committed 46464K, reserved 1089536K
  class space    used 5805K, capacity 6224K, committed 6272K, reserved 1048576K
}
Event: 22.867 GC heap after
{Heap after GC invocations=9 (full 0):
 garbage-first heap   total 131072K, used 29099K [0x0000000080000000, 0x0000000100000000)
  region size 1024K, 3 young (3072K), 3 survivors (3072K)
 Metaspace       used 45171K, capacity 46336K, committed 46464K, reserved 1089536K
  class space    used 5805K, capacity 6224K, committed 6272K, reserved 1048576K
}

Deoptimization events (20 events):
Event: 28.411 Thread 0x000001eed24e1800 DEOPT PACKING pc=0x000001eebd0af418 sp=0x000000116d4fe240
Event: 28.411 Thread 0x000001eed24e1800 DEOPT UNPACKING pc=0x000001eeb53878af sp=0x000000116d4fe198 mode 2
Event: 29.051 Thread 0x000001eecd983000 DEOPT PACKING pc=0x000001eeb5f9def4 sp=0x000000116b3f7cf0
Event: 29.051 Thread 0x000001eecd983000 DEOPT UNPACKING pc=0x000001eeb53876ce sp=0x000000116b3f7290 mode 0
Event: 29.401 Thread 0x000001eecd983000 DEOPT PACKING pc=0x000001eeb5f9def4 sp=0x000000116b3f7cf0
Event: 29.401 Thread 0x000001eecd983000 DEOPT UNPACKING pc=0x000001eeb53876ce sp=0x000000116b3f7290 mode 0
Event: 29.734 Thread 0x000001eecd983000 DEOPT PACKING pc=0x000001eeb5f9def4 sp=0x000000116b3f9cf0
Event: 29.734 Thread 0x000001eecd983000 DEOPT UNPACKING pc=0x000001eeb53876ce sp=0x000000116b3f9290 mode 0
Event: 29.740 Thread 0x000001eecd983000 DEOPT PACKING pc=0x000001eeb5f9def4 sp=0x000000116b3f9cf0
Event: 29.740 Thread 0x000001eecd983000 DEOPT UNPACKING pc=0x000001eeb53876ce sp=0x000000116b3f9290 mode 0
Event: 29.777 Thread 0x000001eecee84000 DEOPT PACKING pc=0x000001eeb5c25ffa sp=0x000000116bcfe4d0
Event: 29.777 Thread 0x000001eecee84000 DEOPT UNPACKING pc=0x000001eeb53876ce sp=0x000000116bcfd908 mode 0
Event: 29.958 Thread 0x000001eecd983000 DEOPT PACKING pc=0x000001eeb5998db4 sp=0x000000116b3f99c0
Event: 29.958 Thread 0x000001eecd983000 DEOPT UNPACKING pc=0x000001eeb53876ce sp=0x000000116b3f8f10 mode 0
Event: 29.958 Thread 0x000001eecd983000 DEOPT PACKING pc=0x000001eeb60fdaf1 sp=0x000000116b3f9980
Event: 29.958 Thread 0x000001eecd983000 DEOPT UNPACKING pc=0x000001eeb53876ce sp=0x000000116b3f8e78 mode 0
Event: 30.292 Thread 0x000001eecd983000 DEOPT PACKING pc=0x000001eeb6304b2a sp=0x000000116b3f1da0
Event: 30.292 Thread 0x000001eecd983000 DEOPT UNPACKING pc=0x000001eeb53876ce sp=0x000000116b3f1378 mode 0
Event: 30.394 Thread 0x000001eecd983000 DEOPT PACKING pc=0x000001eeb59c30ae sp=0x000000116b3f2350
Event: 30.394 Thread 0x000001eecd983000 DEOPT UNPACKING pc=0x000001eeb53876ce sp=0x000000116b3f17c0 mode 0

Classes redefined (0 events):
No events

Internal exceptions (20 events):
Event: 30.300 Thread 0x000001eecd983000 Exception <a 'java/security/PrivilegedActionException'{0x00000000859cb6f8}> (0x00000000859cb6f8) thrown at [./src/hotspot/share/prims/jvm.cpp, line 1306]
Event: 30.300 Thread 0x000001eecd983000 Exception <a 'java/security/PrivilegedActionException'{0x00000000859cc710}> (0x00000000859cc710) thrown at [./src/hotspot/share/prims/jvm.cpp, line 1306]
Event: 30.301 Thread 0x000001eecd983000 Exception <a 'java/security/PrivilegedActionException'{0x00000000859cf0e8}> (0x00000000859cf0e8) thrown at [./src/hotspot/share/prims/jvm.cpp, line 1306]
Event: 30.301 Thread 0x000001eecd983000 Exception <a 'java/security/PrivilegedActionException'{0x00000000859d0100}> (0x00000000859d0100) thrown at [./src/hotspot/share/prims/jvm.cpp, line 1306]
Event: 30.301 Thread 0x000001eecd983000 Exception <a 'java/security/PrivilegedActionException'{0x00000000859d2b10}> (0x00000000859d2b10) thrown at [./src/hotspot/share/prims/jvm.cpp, line 1306]
Event: 30.302 Thread 0x000001eecd983000 Exception <a 'java/security/PrivilegedActionException'{0x00000000859d3b28}> (0x00000000859d3b28) thrown at [./src/hotspot/share/prims/jvm.cpp, line 1306]
Event: 30.302 Thread 0x000001eecd983000 Exception <a 'java/security/PrivilegedActionException'{0x00000000859d64a8}> (0x00000000859d64a8) thrown at [./src/hotspot/share/prims/jvm.cpp, line 1306]
Event: 30.302 Thread 0x000001eecd983000 Exception <a 'java/security/PrivilegedActionException'{0x00000000859d74c0}> (0x00000000859d74c0) thrown at [./src/hotspot/share/prims/jvm.cpp, line 1306]
Event: 30.400 Thread 0x000001eecd983000 Exception <a 'java/security/PrivilegedActionException'{0x000000008589be60}> (0x000000008589be60) thrown at [./src/hotspot/share/prims/jvm.cpp, line 1306]
Event: 30.400 Thread 0x000001eecd983000 Exception <a 'java/security/PrivilegedActionException'{0x000000008589ce78}> (0x000000008589ce78) thrown at [./src/hotspot/share/prims/jvm.cpp, line 1306]
Event: 30.401 Thread 0x000001eecd983000 Exception <a 'java/security/PrivilegedActionException'{0x000000008589f7f8}> (0x000000008589f7f8) thrown at [./src/hotspot/share/prims/jvm.cpp, line 1306]
Event: 30.401 Thread 0x000001eecd983000 Exception <a 'java/security/PrivilegedActionException'{0x00000000858a0810}> (0x00000000858a0810) thrown at [./src/hotspot/share/prims/jvm.cpp, line 1306]
Event: 30.402 Thread 0x000001eecd983000 Exception <a 'java/security/PrivilegedActionException'{0x00000000858a3248}> (0x00000000858a3248) thrown at [./src/hotspot/share/prims/jvm.cpp, line 1306]
Event: 30.402 Thread 0x000001eecd983000 Exception <a 'java/security/PrivilegedActionException'{0x00000000858a4260}> (0x00000000858a4260) thrown at [./src/hotspot/share/prims/jvm.cpp, line 1306]
Event: 30.402 Thread 0x000001eecd983000 Exception <a 'java/security/PrivilegedActionException'{0x00000000858a6bf8}> (0x00000000858a6bf8) thrown at [./src/hotspot/share/prims/jvm.cpp, line 1306]
Event: 30.402 Thread 0x000001eecd983000 Exception <a 'java/security/PrivilegedActionException'{0x00000000858a7c10}> (0x00000000858a7c10) thrown at [./src/hotspot/share/prims/jvm.cpp, line 1306]
Event: 30.402 Thread 0x000001eecd983000 Exception <a 'java/security/PrivilegedActionException'{0x00000000858aa5e8}> (0x00000000858aa5e8) thrown at [./src/hotspot/share/prims/jvm.cpp, line 1306]
Event: 30.402 Thread 0x000001eecd983000 Exception <a 'java/security/PrivilegedActionException'{0x00000000858ab600}> (0x00000000858ab600) thrown at [./src/hotspot/share/prims/jvm.cpp, line 1306]
Event: 30.403 Thread 0x000001eecd983000 Exception <a 'java/security/PrivilegedActionException'{0x00000000858ae038}> (0x00000000858ae038) thrown at [./src/hotspot/share/prims/jvm.cpp, line 1306]
Event: 30.403 Thread 0x000001eecd983000 Exception <a 'java/security/PrivilegedActionException'{0x00000000858af050}> (0x00000000858af050) thrown at [./src/hotspot/share/prims/jvm.cpp, line 1306]

Events (20 events):
Event: 29.985 loading class build_chdyxfd43pid9yvb4a83dbuctBeanInfo done
Event: 29.985 loading class build_chdyxfd43pid9yvb4a83dbuctCustomizer
Event: 29.985 loading class build_chdyxfd43pid9yvb4a83dbuctCustomizer done
Event: 29.985 loading class build_chdyxfd43pid9yvb4a83dbuctCustomizer
Event: 29.985 loading class build_chdyxfd43pid9yvb4a83dbuctCustomizer done
Event: 29.990 loading class org/gradle/api/tasks/Delete
Event: 29.990 loading class org/gradle/api/tasks/Delete done
Event: 29.990 loading class org/gradle/api/tasks/Delete
Event: 29.990 loading class org/gradle/api/tasks/Delete done
Event: 29.993 loading class groovy/runtime/metaclass/build_chdyxfd43pid9yvb4a83dbuct$_run_closure1MetaClass
Event: 29.993 loading class groovy/runtime/metaclass/build_chdyxfd43pid9yvb4a83dbuct$_run_closure1MetaClass done
Event: 29.995 loading class groovy/runtime/metaclass/org/gradle/api/internal/project/DefaultProject_DecoratedMetaClass
Event: 29.995 loading class groovy/runtime/metaclass/org/gradle/api/internal/project/DefaultProject_DecoratedMetaClass done
Event: 30.002 loading class org/gradle/api/internal/project/DefaultProject_DecoratedBeanInfo
Event: 30.002 loading class org/gradle/api/internal/project/DefaultProject_DecoratedBeanInfo done
Event: 30.003 loading class org/gradle/api/internal/project/DefaultProject_DecoratedBeanInfo
Event: 30.003 loading class org/gradle/api/internal/project/DefaultProject_DecoratedBeanInfo done
Event: 30.003 loading class org/gradle/api/internal/project/DefaultProject_DecoratedBeanInfo
Event: 30.003 loading class org/gradle/api/internal/project/DefaultProject_DecoratedBeanInfo done
Event: 30.368 Loaded shared library D:\Android Studio\jre\bin\nio.dll


Dynamic libraries:
0x00007ff720960000 - 0x00007ff72096a000 	D:\Android Studio\jre\bin\java.exe
0x00007ffd8c900000 - 0x00007ffd8cb09000 	C:\WINDOWS\SYSTEM32\ntdll.dll
0x00007ffd8b4b0000 - 0x00007ffd8b56d000 	C:\WINDOWS\System32\KERNEL32.DLL
0x00007ffd8a1a0000 - 0x00007ffd8a514000 	C:\WINDOWS\System32\KERNELBASE.dll
0x00007ffd8a680000 - 0x00007ffd8a791000 	C:\WINDOWS\System32\ucrtbase.dll
0x00007ffd66bd0000 - 0x00007ffd66be9000 	D:\Android Studio\jre\bin\jli.dll
0x00007ffd66680000 - 0x00007ffd66697000 	D:\Android Studio\jre\bin\VCRUNTIME140.dll
0x00007ffd8b9e0000 - 0x00007ffd8bb8c000 	C:\WINDOWS\System32\USER32.dll
0x00007ffd8a0f0000 - 0x00007ffd8a116000 	C:\WINDOWS\System32\win32u.dll
0x00007ffd71bd0000 - 0x00007ffd71e75000 	C:\WINDOWS\WinSxS\amd64_microsoft.windows.common-controls_6595b64144ccf1df_6.0.22000.120_none_9d947278b86cc467\COMCTL32.dll
0x00007ffd8aac0000 - 0x00007ffd8aae9000 	C:\WINDOWS\System32\GDI32.dll
0x00007ffd89df0000 - 0x00007ffd89f02000 	C:\WINDOWS\System32\gdi32full.dll
0x00007ffd8bfb0000 - 0x00007ffd8c053000 	C:\WINDOWS\System32\msvcrt.dll
0x00007ffd8a520000 - 0x00007ffd8a5bd000 	C:\WINDOWS\System32\msvcp_win.dll
0x00007ffd8bf70000 - 0x00007ffd8bfa1000 	C:\WINDOWS\System32\IMM32.DLL
0x00007ffd336f0000 - 0x00007ffd3378d000 	D:\Android Studio\jre\bin\msvcp140.dll
0x00007ffce9c20000 - 0x00007ffcea6ef000 	D:\Android Studio\jre\bin\server\jvm.dll
0x00007ffd8aaf0000 - 0x00007ffd8ab9e000 	C:\WINDOWS\System32\ADVAPI32.dll
0x00007ffd8a940000 - 0x00007ffd8a9de000 	C:\WINDOWS\System32\sechost.dll
0x00007ffd8ad20000 - 0x00007ffd8ae40000 	C:\WINDOWS\System32\RPCRT4.dll
0x00007ffd8b960000 - 0x00007ffd8b968000 	C:\WINDOWS\System32\PSAPI.DLL
0x00007ffd86ad0000 - 0x00007ffd86ad9000 	C:\WINDOWS\SYSTEM32\WSOCK32.dll
0x00007ffd85030000 - 0x00007ffd85063000 	C:\WINDOWS\SYSTEM32\WINMM.dll
0x00007ffd8b970000 - 0x00007ffd8b9df000 	C:\WINDOWS\System32\WS2_32.dll
0x00007ffd83fb0000 - 0x00007ffd83fba000 	C:\WINDOWS\SYSTEM32\VERSION.dll
0x00007ffd88fe0000 - 0x00007ffd88ff8000 	C:\WINDOWS\SYSTEM32\kernel.appcore.dll
0x00007ffd79990000 - 0x00007ffd799a1000 	D:\Android Studio\jre\bin\verify.dll
0x00007ffd824e0000 - 0x00007ffd82701000 	C:\WINDOWS\SYSTEM32\DBGHELP.DLL
0x00007ffd77020000 - 0x00007ffd77051000 	C:\WINDOWS\SYSTEM32\dbgcore.DLL
0x00007ffd8a120000 - 0x00007ffd8a19f000 	C:\WINDOWS\System32\bcryptPrimitives.dll
0x00007ffd78440000 - 0x00007ffd78469000 	D:\Android Studio\jre\bin\java.dll
0x00007ffd86a00000 - 0x00007ffd86a0b000 	D:\Android Studio\jre\bin\jimage.dll
0x00007ffd79500000 - 0x00007ffd79518000 	D:\Android Studio\jre\bin\zip.dll
0x00007ffd8c110000 - 0x00007ffd8c8be000 	C:\WINDOWS\System32\SHELL32.dll
0x00007ffd87f70000 - 0x00007ffd887d8000 	C:\WINDOWS\SYSTEM32\windows.storage.dll
0x00007ffd8bb90000 - 0x00007ffd8bf08000 	C:\WINDOWS\System32\combase.dll
0x00007ffd87e00000 - 0x00007ffd87f66000 	C:\WINDOWS\SYSTEM32\wintypes.dll
0x00007ffd8a850000 - 0x00007ffd8a93a000 	C:\WINDOWS\System32\SHCORE.dll
0x00007ffd8af60000 - 0x00007ffd8afbd000 	C:\WINDOWS\System32\shlwapi.dll
0x00007ffd89d20000 - 0x00007ffd89d41000 	C:\WINDOWS\SYSTEM32\profapi.dll
0x00007ffd791c0000 - 0x00007ffd791da000 	D:\Android Studio\jre\bin\net.dll
0x00007ffd83ad0000 - 0x00007ffd83bdc000 	C:\WINDOWS\SYSTEM32\WINHTTP.dll
0x00007ffd89410000 - 0x00007ffd89477000 	C:\WINDOWS\system32\mswsock.dll
0x00007ffd78bf0000 - 0x00007ffd78c04000 	D:\Android Studio\jre\bin\nio.dll
0x00007ffd68ef0000 - 0x00007ffd68f17000 	C:\Users\Pranay\.gradle\native\8bec1ad78214c89d9ad589b4d07fe93259594b29d510b10fafb7a158f7737e5d\windows-amd64\native-platform.dll
0x00007ffd16840000 - 0x00007ffd1697d000 	C:\Users\Pranay\.gradle\native\53dbd7edfb1c66fb8903c78663c9afc45aea4f116125fa6feffd364cf09443e8\windows-amd64\native-platform-file-events.dll
0x00007ffd862e0000 - 0x00007ffd862ea000 	D:\Android Studio\jre\bin\management.dll
0x00007ffd85cc0000 - 0x00007ffd85ccc000 	D:\Android Studio\jre\bin\management_ext.dll
0x00007ffd89660000 - 0x00007ffd89678000 	C:\WINDOWS\SYSTEM32\CRYPTSP.dll
0x00007ffd88f40000 - 0x00007ffd88f75000 	C:\WINDOWS\system32\rsaenh.dll
0x00007ffd89500000 - 0x00007ffd89529000 	C:\WINDOWS\SYSTEM32\USERENV.dll
0x00007ffd897d0000 - 0x00007ffd897f7000 	C:\WINDOWS\SYSTEM32\bcrypt.dll
0x00007ffd89650000 - 0x00007ffd8965c000 	C:\WINDOWS\SYSTEM32\CRYPTBASE.dll
0x00007ffd88b50000 - 0x00007ffd88b7d000 	C:\WINDOWS\SYSTEM32\IPHLPAPI.DLL
0x00007ffd8b4a0000 - 0x00007ffd8b4a9000 	C:\WINDOWS\System32\NSI.dll
0x00007ffd83810000 - 0x00007ffd83829000 	C:\WINDOWS\SYSTEM32\dhcpcsvc6.DLL
0x00007ffd84060000 - 0x00007ffd8407e000 	C:\WINDOWS\SYSTEM32\dhcpcsvc.DLL
0x00007ffd88b80000 - 0x00007ffd88c67000 	C:\WINDOWS\SYSTEM32\DNSAPI.dll

dbghelp: loaded successfully - version: 4.0.5 - missing functions: none
symbol engine: initialized successfully - sym options: 0x614 - pdb path: .;D:\Android Studio\jre\bin;C:\WINDOWS\SYSTEM32;C:\WINDOWS\WinSxS\amd64_microsoft.windows.common-controls_6595b64144ccf1df_6.0.22000.120_none_9d947278b86cc467;D:\Android Studio\jre\bin\server;C:\Users\Pranay\.gradle\native\8bec1ad78214c89d9ad589b4d07fe93259594b29d510b10fafb7a158f7737e5d\windows-amd64;C:\Users\Pranay\.gradle\native\53dbd7edfb1c66fb8903c78663c9afc45aea4f116125fa6feffd364cf09443e8\windows-amd64

VM Arguments:
jvm_args: --add-opens=java.base/java.util=ALL-UNNAMED --add-opens=java.base/java.lang=ALL-UNNAMED --add-opens=java.base/java.lang.invoke=ALL-UNNAMED --add-opens=java.base/java.util=ALL-UNNAMED --add-opens=java.prefs/java.util.prefs=ALL-UNNAMED --add-opens=java.prefs/java.util.prefs=ALL-UNNAMED --add-opens=java.base/java.nio.charset=ALL-UNNAMED --add-opens=java.base/java.net=ALL-UNNAMED --add-opens=java.base/java.util.concurrent.atomic=ALL-UNNAMED -Xmx2048m -Dfile.encoding=UTF-8 -Duser.country=IN -Duser.language=en -Duser.variant 
java_command: org.gradle.launcher.daemon.bootstrap.GradleDaemon 7.0.2
java_class_path (initial): C:\Users\Pranay\.gradle\wrapper\dists\gradle-7.0.2-bin\857tjihv64xamwrf0h14cai3r\gradle-7.0.2\lib\gradle-launcher-7.0.2.jar
Launcher Type: SUN_STANDARD

[Global flags]
     intx CICompilerCount                          = 4                                         {product} {ergonomic}
     uint ConcGCThreads                            = 2                                         {product} {ergonomic}
     uint G1ConcRefinementThreads                  = 8                                         {product} {ergonomic}
   size_t G1HeapRegionSize                         = 1048576                                   {product} {ergonomic}
    uintx GCDrainStackTargetSize                   = 64                                        {product} {ergonomic}
   size_t InitialHeapSize                          = 134217728                                 {product} {ergonomic}
   size_t MarkStackSize                            = 4194304                                   {product} {ergonomic}
   size_t MaxHeapSize                              = 2147483648                                {product} {command line}
   size_t MaxNewSize                               = 1287651328                                {product} {ergonomic}
   size_t MinHeapDeltaBytes                        = 1048576                                   {product} {ergonomic}
    uintx NonNMethodCodeHeapSize                   = 5836300                                {pd product} {ergonomic}
    uintx NonProfiledCodeHeapSize                  = 122910970                              {pd product} {ergonomic}
    uintx ProfiledCodeHeapSize                     = 122910970                              {pd product} {ergonomic}
    uintx ReservedCodeCacheSize                    = 251658240                              {pd product} {ergonomic}
     bool SegmentedCodeCache                       = true                                      {product} {ergonomic}
     bool UseCompressedClassPointers               = true                                 {lp64_product} {ergonomic}
     bool UseCompressedOops                        = true                                 {lp64_product} {ergonomic}
     bool UseG1GC                                  = true                                      {product} {ergonomic}
     bool UseLargePagesIndividualAllocation        = false                                  {pd product} {ergonomic}

Logging:
Log output configuration:
 #0: stdout all=warning uptime,level,tags
 #1: stderr all=off uptime,level,tags

Environment Variables:
JAVA_HOME=C:\Program Files\Java\jdk-11.0.10
PATH=D:\VMWare\bin\;C:\Program Files\AdoptOpenJDK\jdk-8.0.292.10-hotspot\bin;C:\Program Files\Common Files\Oracle\Java\javapath;C:\WINDOWS\system32;C:\WINDOWS;C:\WINDOWS\System32\Wbem;C:\WINDOWS\System32\WindowsPowerShell\v1.0\;C:\WINDOWS\System32\OpenSSH\;C:\Program Files\Java\jdk-11.0.10\bin;C:\Program Files\Git\cmd;D:\MinGW\bin;D:\Node Js;C:\Users\Pranay\AppData\Local\Microsoft\WindowsApps;D:\VSCode\Microsoft VS Code\bin;D:\New folder\IntelliJ IDEA Community Edition 2021.1.2\bin;;C:\Users\Pranay\AppData\Roaming\npm;
USERNAME=Pranay
OS=Windows_NT
PROCESSOR_IDENTIFIER=Intel64 Family 6 Model 142 Stepping 10, GenuineIntel



---------------  S Y S T E M  ---------------

OS: Windows 10 , 64 bit Build 22000 (10.0.22000.434)
OS uptime: 5 days 22:45 hours

CPU:total 8 (initial active 8) (4 cores per cpu, 2 threads per core) family 6 model 142 stepping 10 microcode 0xe0, cmov, cx8, fxsr, mmx, sse, sse2, sse3, ssse3, sse4.1, sse4.2, popcnt, avx, avx2, aes, clmul, erms, 3dnowpref, lzcnt, ht, tsc, tscinvbit, bmi1, bmi2, adx, fma

Memory: 4k page, system-wide physical 8108M (373M free)
TotalPageFile size 20895M (AvailPageFile size 4M)
current process WorkingSet (physical memory assigned to process): 213M, peak: 269M
current process commit charge ("private bytes"): 322M, peak: 324M

vm_info: OpenJDK 64-Bit Server VM (11.0.10+0-b96-7249189) for windows-amd64 JRE (11.0.10+0-b96-7249189), built on Mar 31 2021 21:44:00 by "builder" with MS VC++ 14.0 (VS2015)

END.
